2023-05-18 05:27:21.377 - DBeaver 23.0.4.202305071722 is starting
2023-05-18 05:27:21.378 - OS: Windows 10 10.0 (amd64)
2023-05-18 05:27:21.378 - Java version: 17.0.6 by Eclipse Adoptium (64bit)
2023-05-18 05:27:21.379 - Install path: 'C:\resource\dbeaver-ce-23.0.4-win32.win32.x86_64\dbeaver'
2023-05-18 05:27:21.379 - Instance path: 'file:/C:/jsw_boot/'
2023-05-18 05:27:21.381 - Memory available 64Mb/1024Mb
2023-05-18 05:27:21.397 - Create display
2023-05-18 05:27:21.544 - Initializing DBeaver 23.0.4
2023-05-18 05:27:21.544 - Host plugin: org.jkiss.dbeaver.ui.app.standalone 23.0.4.202305071722
2023-05-18 05:27:21.546 - Initialize desktop platform...
2023-05-18 05:27:21.781 - BounceCastle bundle found. Use JCE provider BC
> Start Core File Systems [org.eclipse.core.filesystem 1.9.500.v20220817-1539]
> Start Core Resource Management [org.eclipse.core.resources 3.18.200.v20230209-0754]
> Start DBeaver UI Navigator [org.jkiss.dbeaver.ui.navigator 1.0.105.202305071722]
> Start 팀 지원 핵심 [org.eclipse.team.core 3.9.700.v20221201-0946]
2023-05-18 05:27:22.090 - Initialize base platform...
> Start Expression Language [org.eclipse.core.expressions 3.8.200.v20220613-1047]
2023-05-18 05:27:22.124 - Platform initialized (579ms)
> Start DBeaver UI Editors - Base [org.jkiss.dbeaver.ui.editors.base 1.0.105.202305071722]
2023-05-18 05:27:22.145 - Starting RMI server at 27169
2023-05-18 05:27:22.208 - Run workbench
> Start DBeaver UI [org.jkiss.dbeaver.ui 5.1.120.202305071722]
> Start Eclipse e4 작업영역 SWT [org.eclipse.e4.ui.workbench.swt 0.16.800.v20230220-0932]
> Start Eclipse Application Services [org.eclipse.e4.core.services 2.3.400.v20220915-1347]
> Start Eclipse UI Application Services [org.eclipse.e4.ui.services 1.5.200.v20230220-0932]
> Start Eclipse e4 Progress View [org.eclipse.e4.ui.progress 0.3.700.v20230214-1401]
> Start EMF XML/XMI Persistence [org.eclipse.emf.ecore.xmi 2.18.0.v20230211-1150]
> Start Eclipse CSS SWT Theme Support [org.eclipse.e4.ui.css.swt.theme 0.13.300.v20230220-0932]
> Start Eclipse e4 작업영역 기능 추가 [org.eclipse.e4.ui.workbench.addons.swt 1.4.600.v20230220-0932]
> Start Eclipse e4 작업영역 SWT 렌더러 [org.eclipse.e4.ui.workbench.renderers.swt 0.15.800.v20230214-1401]
> Start Eclipse Bindings Support [org.eclipse.e4.ui.bindings 0.13.300.v20230220-0932]
> Start Eclipse Dependency Injection Extensions [org.eclipse.e4.core.di.extensions 0.17.200.v20220613-1008]
> Start Eclipse CSS SWT Support [org.eclipse.e4.ui.css.swt 0.14.800.v20230220-0932]
Warning: NLS unused message: BlockedJobsDialog_UserInterfaceTreeElement in: org.eclipse.ui.internal.progress.messages
2023-05-18 05:27:25.388 - Configure workbench window
> Start DBeaver SQL Model [org.jkiss.dbeaver.model.sql 1.0.95.202305071722]
2023-05-18 05:27:25.600 - Total database drivers: 102 (102)
> Start 도움말 시스템 코어 [org.eclipse.help 3.9.100.v20210721-0601]
2023-05-18 05:27:25.773 - Create actions
2023-05-18 05:27:25.783 - Disable Eclipse action set 'org.eclipse.ui.edit.text.actionSet.annotationNavigation'
2023-05-18 05:27:25.784 - Disable Eclipse action set 'org.eclipse.ui.WorkingSetActionSet'
2023-05-18 05:27:25.785 - Disable Eclipse action set 'org.eclipse.ui.actionSet.openFiles'
2023-05-18 05:27:26.600 - Initialize workbench window
2023-05-18 05:27:26.608 - Finish initialization
> Start 기본 문서 편집기 [org.eclipse.ui.editors 3.15.0.v20221201-1935]
> Start 텍스트 편집기 프레임워크 [org.eclipse.ui.workbench.texteditor 3.16.700.v20230210-0941]
> Start DBeaver UI Editors - Data [org.jkiss.dbeaver.ui.editors.data 1.0.105.202305071722]
Warning: NLS unused message: actions_navigator__objects in: org.jkiss.dbeaver.ui.editors.sql.internal.SQLEditorMessages
> Start DBeaver UI Editors - SQL [org.jkiss.dbeaver.ui.editors.sql 1.0.105.202305071722]
> Start DBeaver SQL Terminal [org.jkiss.dbeaver.ui.editors.sql.terminal 1.0.81.202305071722]
> Start 핵심 비교 지원 [org.eclipse.compare.core 3.7.100.v20220812-1406]
> Start Equinox Java Authentication and Authorization Service (JAAS) [org.eclipse.equinox.security 1.3.1000.v20220801-1135]
> Start Java Native Access [com.sun.jna 5.12.1.v20221103-2317]
> Start 인터넷 연결 관리 사용자 인터페이스 [org.eclipse.ui.net 1.4.100.v20220812-1406]
> Start Internet Connection Management [org.eclipse.core.net 1.4.0.v20220813-1037]
> Start DBeaver Sample Database [org.jkiss.dbeaver.ext.sample.database 1.0.142.202305071722]
> Start DBeaver Tip of the day [org.jkiss.dbeaver.ext.ui.tipoftheday 1.0.111.202305071722]
> Start Draw2d [org.eclipse.draw2dl 3.12.100.20230428131615]
> Start GEF3 GEF (MVC) [org.eclipse.gef3 3.12.100.20230428131615]
> Start DBeaver ERD UI [org.jkiss.dbeaver.erd.ui 3.0.65.202305071722]
> Start DBeaver ERD Model [org.jkiss.dbeaver.erd.model 1.0.65.202305071722]
> Start 콘솔 [org.eclipse.ui.console 3.11.400.v20221012-0524]
Warning: NLS unused message: InputStreamMonitor_label in: org.eclipse.debug.internal.core.DebugCoreMessages
Warning: NLS unused message: OutputStreamMonitor_label in: org.eclipse.debug.internal.core.DebugCoreMessages
> Start 디버그 핵심 [org.eclipse.debug.core 3.20.100.v20230124-1239]
> Start DBeaver UI Editors - Connections [org.jkiss.dbeaver.ui.editors.connection 1.0.96.202305071722]
> Start DBeaver Oracle UI [org.jkiss.dbeaver.ext.oracle.ui 1.0.92.202305071722]
> Start DBeaver Oracle Support [org.jkiss.dbeaver.ext.oracle 2.1.190.202305071722]
2023-05-18 05:27:49.007 - Unrecognized Oracle client version at C:\resource\dbhomeXE
2023-05-18 05:27:49.171 - Auth model 'native' was replaced by 'oracle_native'
2023-05-18 05:27:49.217 - Service 'org.jkiss.dbeaver.runtime.ui.UIServiceSecurity' not found
> Start DBeaver SSH tunnels UI [org.jkiss.dbeaver.net.ssh.ui 1.0.126.202305071722]
> Start DBeaver SSH tunnels [org.jkiss.dbeaver.net.ssh 1.0.126.202305071722]
2023-05-18 05:55:45.064 - Auth model 'native' was replaced by 'oracle_native'
2023-05-18 05:55:45.082 - Service 'org.jkiss.dbeaver.runtime.ui.UIServiceSecurity' not found
